mâZe
pas de patron
mâZe
pas de patron
mâZe
pas de patron
mâZe
pas de patron
mâZe
pas de patron
mâZe
pas de patron
mâZe
pas de patron
mâZ
pas de patron
mâZ
pas de patron
mâZ
pas de patron
mâZ
pas de patron
mâZ
pas de patron
mâZ
pas de patron
mâZ
pas de patron
mâZ
pas de patron
mâZ
pas de patron
mâZ
pas de patron
mâZ
pas de patron
mâZ
pas de patron
mâZ
pas de patron
mâZ
pas de patron
mâZ
pas de patron
mâZ
pas de patron
mâZ
pas de patron
mâZ
pas de patron
mâZ
pas de patron
mâZ
pas de patron
mâZô
pas de patron
mâZô
pas de patron
mâZô
pas de patron
mâZô
pas de patron
mâZô
pas de patron
mâZô
pas de patron
mâZe
pas de patron
mâZe
pas de patron
mâZe
pas de patron
mâZe
pas de patron
mâZe
pas de patron
mâZe
pas de patron
mâZ
pas de patron
mâZ
pas de patron
mâZ
pas de patron
mâZ
pas de patron
mâZ
pas de patron
mâZ
pas de patron
mâZE
pas de patron
mâZE
pas de patron
mâZE
pas de patron
mâZE
pas de patron
mâZE
pas de patron
mâZE
pas de patron
mâZE
pas de patron
mâZE
pas de patron
mâZE
pas de patron
mâZE
pas de patron
mâZE
pas de patron
mâZE
pas de patron
mâZE
pas de patron
mâZE
pas de patron
mâZE
pas de patron
mâZE
pas de patron
mâZE
pas de patron
mâZE
pas de patron
mâZE
pas de patron
mâZjô
pas de patron
mâZjô
pas de patron
mâZjô
pas de patron
mâZjô
pas de patron
mâZjô
pas de patron
mâZjô
pas de patron
mâZje
pas de patron
mâZje
pas de patron
mâZje
pas de patron
mâZje
pas de patron
mâZje
pas de patron
mâZje
pas de patron
mâZE
pas de patron
mâZE
pas de patron
mâZE
pas de patron
mâZE
pas de patron
mâZE
pas de patron
mâZE
pas de patron
mâZ6rE
pas de patron
mâZ6rE
pas de patron
mâZ6rE
pas de patron
mâZ6rE
pas de patron
mâZ6rE
pas de patron
mâZ6rE
pas de patron
mâZ6rE
pas de patron
mâZ6ra
pas de patron
mâZ6ra
pas de patron
mâZ6ra
pas de patron
mâZ6ra
pas de patron
mâZ6ra
pas de patron
mâZ6ra
pas de patron
mâZ6ra
pas de patron
mâZ6ra
pas de patron
mâZ6ra
pas de patron
mâZ6ra
pas de patron
mâZ6ra
pas de patron
mâZ6ra
pas de patron
mâZ6ra
pas de patron
mâZ6ra
pas de patron
mâZ6rô
pas de patron
mâZ6rô
pas de patron
mâZ6rô
pas de patron
mâZ6rô
pas de patron
mâZ6rô
pas de patron
mâZ6rô
pas de patron
mâZ6rô
pas de patron
mâZ6rô
pas de patron
mâZ6rô
pas de patron
mâZ6re
pas de patron
mâZ6re
pas de patron
mâZ6re
pas de patron
mâZ6re
pas de patron
mâZ6re
pas de patron
mâZ6re
pas de patron
mâZ6re
pas de patron
mâZ6re
pas de patron
mâZ6re
pas de patron
mâZ6rô
pas de patron
mâZ6rô
pas de patron
mâZ6rô
pas de patron
mâZ6rô
pas de patron
mâZ6rô
pas de patron
mâZ6rô
pas de patron
mâZ6rô
pas de patron
mâZ6rô
pas de patron
mâZ
pas de patron
mâZ
pas de patron
mâZ
pas de patron
mâZ
pas de patron
mâZ
pas de patron
mâZ
pas de patron
mâZô
pas de patron
mâZô
pas de patron
mâZô
pas de patron
mâZô
pas de patron
mâZô
pas de patron
mâZô
pas de patron
mâZô
pas de patron
mâZe
pas de patron
mâZe
pas de patron
mâZe
pas de patron
mâZe
pas de patron
mâZe
pas de patron
mâZe
pas de patron
mâZ
pas de patron
mâZ
pas de patron
mâZ
pas de patron
mâZ
pas de patron
mâZ
pas de patron
mâZ
pas de patron
mâZ
pas de patron
mâZ
pas de patron
mâZ
pas de patron
mâZ
pas de patron
mâZ
pas de patron
mâZ
pas de patron
mâZ
pas de patron
mâZ
pas de patron
mâZ
pas de patron
mâZ
pas de patron
mâZ
pas de patron
mâZ
pas de patron
mâZ
pas de patron
mâZ
pas de patron
mâZ
pas de patron
mâZ
pas de patron
mâZ
pas de patron
mâZ6rE
pas de patron
mâZ6rE
pas de patron
mâZ6rE
pas de patron
mâZ6rE
pas de patron
mâZ6rE
pas de patron
mâZ6rE
pas de patron
mâZ6rE
pas de patron
mâZ6rE
pas de patron
mâZ6rE
pas de patron
mâZ6rE
pas de patron
mâZ6rE
pas de patron
mâZ6rE
pas de patron
mâZ6rE
pas de patron
mâZ6rE
pas de patron
mâZ6rE
pas de patron
mâZ6rE
pas de patron
mâZ6rE
pas de patron
mâZ6rE
pas de patron
mâZ6rE
pas de patron
mâZ6rE
pas de patron
mâZ6rE
pas de patron
mâZ6rE
pas de patron
mâZ6rjô
pas de patron
mâZ6rjô
pas de patron
mâZ6rjô
pas de patron
mâZ6rjô
pas de patron
mâZ6rjô
pas de patron
mâZ6rjô
pas de patron
mâZ6rjô
pas de patron
mâZ6rjô
pas de patron
mâZ6rjô
pas de patron
mâZ6rjô
pas de patron
mâZ6rjô
pas de patron
mâZ6rjô
pas de patron
mâZ6rjô
pas de patron
mâZ6rjô
pas de patron
mâZ6rjô
pas de patron
mâZ6rjô
pas de patron
mâZ6rjô
pas de patron
mâZ6rjô
pas de patron
mâZ6rjô
pas de patron
mâZâ
pas de patron
mâZâ
pas de patron
mâZâ
pas de patron
mâZâ
pas de patron
mâZâ
pas de patron
mâZâ
pas de patron
