kurrô
pas de patron
ai1S asi
ai1S
{u'asi': 1.0}
ai2S
{u'asi': 1.0}
ai3P
asi
pas de patron
{}
ai3S
{u'asi': 1.0}
fi1P
asi
pas de patron
{}
fi1S
asi
pas de patron
{}
fi2P
asi
pas de patron
{}
fi2S
asi
pas de patron
{}
fi3P
asi
pas de patron
{}
fi3S
asi
pas de patron
{}
ii1P
asi
pas de patron
{}
ii1S
asi
pas de patron
{}
ii2P
asi
pas de patron
{}
ii2S
asi
pas de patron
{}
ii3P
asi
pas de patron
{}
ii3S
{u'asEjE': 1.0}
inf
{u'aswar': 1.0}
is1S
asi
pas de patron
{}
is3P
asi
pas de patron
{}
is3S
asi
pas de patron
{}
pI1P
asi
pas de patron
{}
pI2P
{u'asEjE': 1.0}
pI2S
{u'asjE': 1.0}
pP
asi
pas de patron
{}
pc1P
asi
pas de patron
{}
pc1S
asi
pas de patron
{}
pc2P
asi
pas de patron
{}
pc2S
asi
pas de patron
{}
pc3P
asi
pas de patron
{}
pc3S
asi
pas de patron
{}
pi1P
asi
pas de patron
{}
pi1S
{u'asjE': 1.0}
pi2P
{u'asEjE': 1.0}
pi2S
asi
pas de patron
{}
pi3P
asi
pas de patron
{}
pi3S
{u'aswa': 0.5, u'asjE': 0.5}
ppFP
{u'asiz': 1.0}
ppFS
{u'asiz': 1.0}
ppMP
asi
pas de patron
{}
ppMS
{u'asi': 1.0}
ps1P
asi
pas de patron
{}
ps1S
asi
pas de patron
{}
ps2P
asi
pas de patron
{}
ps2S
asi
pas de patron
{}
ps3P
asi
pas de patron
{}
ps3S
asi
pas de patron
{}
ai2S asi
ai1S
{u'asi': 1.0}
ai2S
{u'asi': 1.0}
ai3P
asi
pas de patron
{}
ai3S
{u'asi': 1.0}
fi1P
asi
pas de patron
{}
fi1S
asi
pas de patron
{}
fi2P
asi
pas de patron
{}
fi2S
asi
pas de patron
{}
fi3P
asi
pas de patron
{}
fi3S
asi
pas de patron
{}
ii1P
asi
pas de patron
{}
ii1S
asi
pas de patron
{}
ii2P
asi
pas de patron
{}
ii2S
asi
pas de patron
{}
ii3P
asi
pas de patron
{}
ii3S
{u'asEjE': 1.0}
inf
{u'aswar': 1.0}
is1S
asi
pas de patron
{}
is3P
asi
pas de patron
{}
is3S
asi
pas de patron
{}
pI1P
asi
pas de patron
{}
pI2P
{u'asEjE': 1.0}
pI2S
{u'asjE': 1.0}
pP
asi
pas de patron
{}
pc1P
asi
pas de patron
{}
pc1S
asi
pas de patron
{}
pc2P
asi
pas de patron
{}
pc2S
asi
pas de patron
{}
pc3P
asi
pas de patron
{}
pc3S
asi
pas de patron
{}
pi1P
asi
pas de patron
{}
pi1S
{u'asjE': 1.0}
pi2P
{u'asEjE': 1.0}
pi2S
asi
pas de patron
{}
pi3P
asi
pas de patron
{}
pi3S
{u'aswa': 0.5, u'asjE': 0.5}
ppFP
{u'asiz': 1.0}
ppFS
{u'asiz': 1.0}
ppMP
asi
pas de patron
{}
ppMS
asi
pas de patron
{}
ps1P
asi
pas de patron
{}
ps1S
asi
pas de patron
{}
ps2P
asi
pas de patron
{}
ps2S
asi
pas de patron
{}
ps3P
asi
pas de patron
{}
ps3S
asi
pas de patron
{}
ai3S asi
ai1S
{u'asi': 1.0}
ai2S
{u'asi': 1.0}
ai3P
asi
pas de patron
{}
ai3S
{u'asi': 1.0}
fi1P
asi
pas de patron
{}
fi1S
asi
pas de patron
{}
fi2P
asi
pas de patron
{}
fi2S
asi
pas de patron
{}
fi3P
asi
pas de patron
{}
fi3S
{u'asira': 1.0}
ii1P
asi
pas de patron
{}
ii1S
asi
pas de patron
{}
ii2P
asi
pas de patron
{}
ii2S
asi
pas de patron
{}
ii3P
asi
pas de patron
{}
ii3S
{u'asEjE': 1.0}
inf
{u'aswar': 1.0}
is1S
asi
pas de patron
{}
is3P
asi
pas de patron
{}
is3S
asi
pas de patron
{}
pI1P
asi
pas de patron
{}
pI2P
{u'asEjE': 1.0}
pI2S
{u'asjE': 1.0}
pP
asi
pas de patron
{}
pc1P
asi
pas de patron
{}
pc1S
asi
pas de patron
{}
pc2P
asi
pas de patron
{}
pc2S
asi
pas de patron
{}
pc3P
asi
pas de patron
{}
pc3S
asi
pas de patron
{}
pi1P
asi
pas de patron
{}
pi1S
{u'asjE': 1.0}
pi2P
{u'asEjE': 1.0}
pi2S
asi
pas de patron
{}
pi3P
asi
pas de patron
{}
pi3S
{u'aswa': 0.5, u'asjE': 0.5}
ppFP
{u'asiz': 1.0}
ppFS
{u'asiz': 1.0}
ppMP
{u'asi': 1.0}
ppMS
{u'asi': 1.0}
ps1P
asi
pas de patron
{}
ps1S
asi
pas de patron
{}
ps2P
asi
pas de patron
{}
ps2S
asi
pas de patron
{}
ps3P
asi
pas de patron
{}
ps3S
asi
pas de patron
{}
ii3S asEjE
ai1S
{u'asi': 1.0}
ai2S
{u'asi': 1.0}
ai3P
asEjE
pas de patron
{}
ai3S
{u'asi': 1.0}
fi1P
asEjE
pas de patron
{}
fi1S
{u'asEj6rE': 1.0}
fi2P
asEjE
pas de patron
{}
fi2S
asEjE
pas de patron
{}
fi3P
asEjE
pas de patron
{}
fi3S
asEjE
pas de patron
{}
ii1P
asEjE
pas de patron
{}
ii1S
{u'asEjE': 1.0}
ii2P
asEjE
pas de patron
{}
ii2S
{u'asEjE': 1.0}
ii3P
{u'asEjE': 1.0}
ii3S
{u'asEjE': 1.0}
inf
{u'aswar': 1.0}
is1S
asEjE
pas de patron
{}
is3P
asEjE
pas de patron
{}
is3S
asEjE
pas de patron
{}
pI1P
{u'asEj\xf4': 1.0}
pI2P
{u'asEjE': 1.0}
pI2S
{u'asjE': 1.0}
pP
{u'asEj\xe2': 1.0}
pc1P
asEjE
pas de patron
{}
pc1S
asEjE
pas de patron
{}
pc2P
asEjE
pas de patron
{}
pc2S
{u'asEjrE': 1.0}
pc3P
asEjE
pas de patron
{}
pc3S
asEjE
pas de patron
{}
pi1P
{u'asEj\xf4': 1.0}
pi1S
{u'asjE': 1.0}
pi2P
{u'asEjE': 1.0}
pi2S
{u'asEj': 1.0}
pi3P
asEjE
pas de patron
{}
pi3S
{u'aswa': 0.5, u'asjE': 0.5}
ppFP
{u'asiz': 1.0}
ppFS
{u'asiz': 1.0}
ppMP
{u'asEjE': 1.0}
ppMS
{u'asEjE': 1.0}
ps1P
asEjE
pas de patron
{}
ps1S
{u'asEj': 1.0}
ps2P
asEjE
pas de patron
{}
ps2S
{u'asEj': 1.0}
ps3P
asEjE
pas de patron
{}
ps3S
{u'asEj': 1.0}
inf aswar
ai1S
{u'asi': 1.0}
ai2S
{u'asi': 1.0}
ai3P
aswar
pas de patron
{}
ai3S
{u'asi': 1.0}
fi1P
aswar
pas de patron
{}
fi1S
aswar
pas de patron
{}
fi2P
aswar
pas de patron
{}
fi2S
aswar
pas de patron
{}
fi3P
aswar
pas de patron
{}
fi3S
aswar
pas de patron
{}
ii1P
aswar
pas de patron
{}
ii1S
aswar
pas de patron
{}
ii2P
aswar
pas de patron
{}
ii2S
aswar
pas de patron
{}
ii3P
aswar
pas de patron
{}
ii3S
{u'asEjE': 1.0}
inf
{u'aswar': 1.0}
is1S
aswar
pas de patron
{}
is3P
aswar
pas de patron
{}
is3S
aswar
pas de patron
{}
pI1P
aswar
pas de patron
{}
pI2P
{u'asEjE': 1.0}
pI2S
{u'asjE': 1.0}
pP
aswar
pas de patron
{}
pc1P
aswar
pas de patron
{}
pc1S
aswar
pas de patron
{}
pc2P
aswar
pas de patron
{}
pc2S
{u'aswarE': 1.0}
pc3P
aswar
pas de patron
{}
pc3S
{u'aswarE': 1.0}
pi1P
aswar
pas de patron
{}
pi1S
{u'asjE': 1.0}
pi2P
{u'asEjE': 1.0}
pi2S
{u'aswa': 1.0}
pi3P
aswar
pas de patron
{}
pi3S
aswar
pas de classe r-, war-jE
0.50 par forme de sortie
{u'aswa': 0.5, u'asjE': 0.5}
ppFP
{u'asiz': 1.0}
ppFS
{u'asiz': 1.0}
ppMP
aswar
pas de patron
{}
ppMS
aswar
pas de patron
{}
ps1P
aswar
pas de patron
{}
ps1S
aswar
pas de patron
{}
ps2P
aswar
pas de patron
{}
ps2S
aswar
pas de patron
{}
ps3P
aswar
pas de patron
{}
ps3S
aswar
pas de patron
{}
pI2P asEjE
ai1S
{u'asi': 1.0}
ai2S
{u'asi': 1.0}
ai3P
asEjE
pas de patron
{}
ai3S
{u'asi': 1.0}
fi1P
asEjE
pas de patron
{}
fi1S
{u'asEj6rE': 0.6666666666666666, u'asEjrE': 0.3333333333333333}
fi2P
asEjE
pas de patron
{}
fi2S
asEjE
pas de patron
{}
fi3P
asEjE
pas de patron
{}
fi3S
asEjE
pas de patron
{}
ii1P
asEjE
pas de patron
{}
ii1S
{u'asEjE': 1.0}
ii2P
asEjE
pas de patron
{}
ii2S
{u'asEjE': 1.0}
ii3P
{u'asEjE': 1.0}
ii3S
{u'asEjE': 1.0}
inf
{u'aswar': 1.0}
is1S
asEjE
pas de patron
{}
is3P
asEjE
pas de patron
{}
is3S
asEjE
pas de patron
{}
pI1P
{u'asEj\xf4': 1.0}
pI2P
{u'asEjE': 1.0}
pI2S
asEjE
pas de classe E-, jE-, EjE-jE
0.33 par forme de sortie
{u'asEj': 0.3333333333333333, u'asE': 0.3333333333333333, u'asjE': 0.3333333333333333}
pP
asEjE
pas de patron
{}
pc1P
asEjE
pas de patron
{}
pc1S
{u'asEjrE': 1.0}
pc2P
asEjE
pas de patron
{}
pc2S
asEjE
pas de patron
{}
pc3P
asEjE
pas de patron
{}
pc3S
asEjE
pas de patron
{}
pi1P
asEjE
pas de patron
{}
pi1S
asEjE
pas de classe E-, jE-, EjE-jE
0.33 par forme de sortie
{u'asEj': 0.3333333333333333, u'asE': 0.3333333333333333, u'asjE': 0.3333333333333333}
pi2P
{u'asEjE': 1.0}
pi2S
asEjE
pas de patron
{}
pi3P
asEjE
pas de patron
{}
pi3S
{u'aswa': 0.5, u'asjE': 0.5}
ppFP
asEjE
pas de classe -, EjE-iz
0.50 par forme de sortie
{u'asiz': 0.5, u'asEjE': 0.5}
ppFS
{u'asiz': 1.0}
ppMP
{u'asEjE': 1.0}
ppMS
{u'asEjE': 1.0}
ps1P
asEjE
pas de patron
{}
ps1S
{u'asEj': 1.0}
ps2P
asEjE
pas de patron
{}
ps2S
{u'asEj': 1.0}
ps3P
asEjE
pas de patron
{}
ps3S
{u'asEj': 1.0}
pI2S asjE
ai1S
{u'asi': 1.0}
ai2S
{u'asi': 1.0}
ai3P
asjE
pas de patron
{}
ai3S
{u'asi': 1.0}
fi1P
asjE
pas de patron
{}
fi1S
asjE
pas de patron
{}
fi2P
asjE
pas de patron
{}
fi2S
asjE
pas de patron
{}
fi3P
asjE
pas de patron
{}
fi3S
asjE
pas de patron
{}
ii1P
asjE
pas de patron
{}
ii1S
{u'asjEE': 1.0}
ii2P
{u'asjEjE': 1.0}
ii2S
asjE
pas de patron
{}
ii3P
{u'asjEE': 1.0}
ii3S
{u'asEjE': 1.0}
inf
{u'aswar': 1.0}
is1S
asjE
pas de patron
{}
is3P
asjE
pas de patron
{}
is3S
asjE
pas de patron
{}
pI1P
asjE
pas de patron
{}
pI2P
{u'asEjE': 1.0}
pI2S
{u'asjE': 1.0}
pP
{u'asjE\xe2': 1.0}
pc1P
asjE
pas de patron
{}
pc1S
asjE
pas de patron
{}
pc2P
asjE
pas de patron
{}
pc2S
asjE
pas de patron
{}
pc3P
asjE
pas de patron
{}
pc3S
{u'asjErE': 1.0}
pi1P
{u'asjE\xf4': 1.0}
pi1S
{u'asjE': 1.0}
pi2P
{u'asEjE': 1.0}
pi2S
{u'asjE': 1.0}
pi3P
{u'asj\xf4': 1.0}
pi3S
{u'aswa': 0.5, u'asjE': 0.5}
ppFP
{u'asiz': 1.0}
ppFS
{u'asiz': 1.0}
ppMP
{u'asjEjE': 1.0}
ppMS
{u'asjy': 1.0}
ps1P
asjE
pas de patron
{}
ps1S
{u'asjE': 1.0}
ps2P
asjE
pas de patron
{}
ps2S
{u'asjE': 1.0}
ps3P
{u'asjE': 1.0}
ps3S
{u'asjE': 1.0}
pi1S asjE
ai1S
{u'asi': 1.0}
ai2S
{u'asi': 1.0}
ai3P
asjE
pas de patron
{}
ai3S
{u'asi': 1.0}
fi1P
asjE
pas de patron
{}
fi1S
asjE
pas de patron
{}
fi2P
asjE
pas de patron
{}
fi2S
{u'asjOra': 1.0}
fi3P
asjE
pas de patron
{}
fi3S
{u'asjOra': 1.0}
ii1P
{u'asjavj\xf4': 1.0}
ii1S
asjE
pas de classe -E, E-avE
0.50 par forme de sortie
{u'asjEE': 0.5, u'asjavE': 0.5}
ii2P
{u'asjEjE': 1.0}
ii2S
{u'asjavE': 1.0}
ii3P
{u'asjEE': 1.0}
ii3S
{u'asEjE': 1.0}
inf
{u'aswar': 1.0}
is1S
asjE
pas de patron
{}
is3P
asjE
pas de patron
{}
is3S
asjE
pas de patron
{}
pI1P
asjE
pas de patron
{}
pI2P
{u'asEjE': 1.0}
pI2S
{u'asjE': 1.0}
pP
{u'asjE\xe2': 1.0}
pc1P
asjE
pas de patron
{}
pc1S
asjE
pas de patron
{}
pc2P
asjE
pas de patron
{}
pc2S
asjE
pas de patron
{}
pc3P
asjE
pas de patron
{}
pc3S
{u'asjErE': 1.0}
pi1P
{u'asjE\xf4': 1.0}
pi1S
{u'asjE': 1.0}
pi2P
{u'asEjE': 1.0}
pi2S
asjE
pas de classe -, E-a
0.50 par forme de sortie
{u'asja': 0.5, u'asjE': 0.5}
pi3P
asjE
pas de classe E-ô, -v
0.50 par forme de sortie
{u'asjEv': 0.5, u'asj\xf4': 0.5}
pi3S
{u'aswa': 0.5, u'asjE': 0.5}
ppFP
{u'asiz': 1.0}
ppFS
{u'asiz': 1.0}
ppMP
{u'asjEjE': 1.0}
ppMS
asjE
pas de classe -E, E-y, -
0.33 par forme de sortie
{u'asjEE': 0.3333333333333333, u'asjy': 0.3333333333333333, u'asjE': 0.3333333333333333}
ps1P
asjE
pas de patron
{}
ps1S
{u'asjE': 1.0}
ps2P
asjE
pas de patron
{}
ps2S
{u'asjE': 1.0}
ps3P
{u'asjEv': 0.5, u'asjE': 0.5}
ps3S
{u'asjE': 1.0}
pi2P asEjE
ai1S
{u'asi': 1.0}
ai2S
{u'asi': 1.0}
ai3P
asEjE
pas de patron
{}
ai3S
{u'asi': 1.0}
fi1P
asEjE
pas de patron
{}
fi1S
asEjE
pas de patron
{}
fi2P
asEjE
pas de patron
{}
fi2S
asEjE
pas de patron
{}
fi3P
asEjE
pas de patron
{}
fi3S
asEjE
pas de patron
{}
ii1P
asEjE
pas de patron
{}
ii1S
{u'asEjE': 1.0}
ii2P
asEjE
pas de patron
{}
ii2S
{u'asEjE': 1.0}
ii3P
{u'asEjE': 1.0}
ii3S
{u'asEjE': 1.0}
inf
{u'aswar': 1.0}
is1S
asEjE
pas de patron
{}
is3P
asEjE
pas de patron
{}
is3S
asEjE
pas de patron
{}
pI1P
{u'asEj\xf4': 1.0}
pI2P
{u'asEjE': 1.0}
pI2S
{u'asjE': 1.0}
pP
{u'asEj\xe2': 1.0}
pc1P
asEjE
pas de patron
{}
pc1S
asEjE
pas de patron
{}
pc2P
asEjE
pas de patron
{}
pc2S
asEjE
pas de patron
{}
pc3P
asEjE
pas de patron
{}
pc3S
asEjE
pas de patron
{}
pi1P
{u'asEj\xf4': 1.0}
pi1S
{u'asjE': 1.0}
pi2P
{u'asEjE': 1.0}
pi2S
asEjE
pas de patron
{}
pi3P
asEjE
pas de patron
{}
pi3S
{u'aswa': 0.5, u'asjE': 0.5}
ppFP
{u'asiz': 1.0}
ppFS
{u'asiz': 1.0}
ppMP
asEjE
pas de patron
{}
ppMS
{u'asEjE': 1.0}
ps1P
asEjE
pas de patron
{}
ps1S
asEjE
pas de patron
{}
ps2P
asEjE
pas de patron
{}
ps2S
{u'asEj': 1.0}
ps3P
asEjE
pas de patron
{}
ps3S
{u'asEj': 1.0}
pi3S asjE,aswa
ai1S
asjE,aswa
pas de patron
{}
ai2S
{u'asjE,asi': 1.0}
ai3P
asjE,aswa
pas de patron
{}
ai3S
{u'asjE,asi': 1.0}
fi1P
asjE,aswa
pas de patron
{}
fi1S
asjE,aswa
pas de patron
{}
fi2P
asjE,aswa
pas de patron
{}
fi2S
asjE,aswa
pas de patron
{}
fi3P
asjE,aswa
pas de patron
{}
fi3S
asjE,aswa
pas de patron
{}
ii1P
asjE,aswa
pas de patron
{}
ii1S
{u'asjE,aswatE': 1.0}
ii2P
{u'asjE,aswajE': 1.0}
ii2S
{u'asjE,aswavE': 0.5, u'asjE,aswatE': 0.5}
ii3P
{u'asjE,aswatE': 1.0}
ii3S
{u'asjE,aswatE': 1.0}
inf
{u'asjE,aswajE': 0.5, u'asjE,aswar': 0.5}
is1S
asjE,aswa
pas de patron
{}
is3P
asjE,aswa
pas de patron
{}
is3S
asjE,aswa
pas de patron
{}
pI1P
asjE,aswa
pas de patron
{}
pI2P
asjE,aswa
pas de patron
{}
pI2S
{u'asjE,aswa': 1.0}
pP
asjE,aswa
pas de patron
{}
pc1P
asjE,aswa
pas de patron
{}
pc1S
asjE,aswa
pas de patron
{}
pc2P
asjE,aswa
pas de patron
{}
pc2S
asjE,aswa
pas de patron
{}
pc3P
asjE,aswa
pas de patron
{}
pc3S
{u'asjE,aswarE': 1.0}
pi1P
asjE,aswa
pas de patron
{}
pi1S
{u'asjE,aswE': 0.2, u'asjE,aswa': 0.8}
pi2P
{u'asjE,aswavE': 1.0}
pi2S
{u'asjE,aswa': 1.0}
pi3P
{u'asjE,aswav': 1.0}
pi3S
{u'asjE,aswa': 1.0}
ppFP
asjE,aswa
pas de patron
{}
ppFS
asjE,aswa
pas de patron
{}
ppMP
asjE,aswa
pas de patron
{}
ppMS
asjE,aswa
pas de patron
{}
ps1P
asjE,aswa
pas de patron
{}
ps1S
{u'asjE,aswa': 1.0}
ps2P
asjE,aswa
pas de patron
{}
ps2S
asjE,aswa
pas de patron
{}
ps3P
{u'asjE,aswav': 0.5, u'asjE,aswa': 0.5}
ps3S
{u'asjE,aswa': 1.0}
ppFP asiz
ai1S
{u'asi': 1.0}
ai2S
{u'asi': 1.0}
ai3P
asiz
pas de patron
{}
ai3S
{u'asi': 1.0}
fi1P
asiz
pas de patron
{}
fi1S
asiz
pas de patron
{}
fi2P
asiz
pas de patron
{}
fi2S
asiz
pas de patron
{}
fi3P
asiz
pas de patron
{}
fi3S
asiz
pas de patron
{}
ii1P
asiz
pas de patron
{}
ii1S
asiz
pas de patron
{}
ii2P
asiz
pas de patron
{}
ii2S
asiz
pas de patron
{}
ii3P
asiz
pas de patron
{}
ii3S
{u'asEjE': 1.0}
inf
{u'aswar': 1.0}
is1S
asiz
pas de patron
{}
is3P
asiz
pas de patron
{}
is3S
asiz
pas de patron
{}
pI1P
asiz
pas de patron
{}
pI2P
{u'asEjE': 1.0}
pI2S
{u'asjE': 1.0}
pP
asiz
pas de patron
{}
pc1P
asiz
pas de patron
{}
pc1S
asiz
pas de patron
{}
pc2P
asiz
pas de patron
{}
pc2S
asiz
pas de patron
{}
pc3P
asiz
pas de patron
{}
pc3S
asiz
pas de patron
{}
pi1P
asiz
pas de patron
{}
pi1S
{u'asjE': 1.0}
pi2P
{u'asEjE': 1.0}
pi2S
asiz
pas de patron
{}
pi3P
asiz
pas de patron
{}
pi3S
asiz
pas de classe iz-jE, iz-wa
0.50 par forme de sortie
{u'aswa': 0.5, u'asjE': 0.5}
ppFP
{u'asiz': 1.0}
ppFS
{u'asiz': 1.0}
ppMP
asiz
pas de patron
{}
ppMS
asiz
pas de patron
{}
ps1P
asiz
pas de patron
{}
ps1S
asiz
pas de patron
{}
ps2P
asiz
pas de patron
{}
ps2S
asiz
pas de patron
{}
ps3P
asiz
pas de patron
{}
ps3S
asiz
pas de patron
{}
ppFS asiz
ai1S
{u'asi': 1.0}
ai2S
{u'asi': 1.0}
ai3P
asiz
pas de patron
{}
ai3S
{u'asi': 1.0}
fi1P
asiz
pas de patron
{}
fi1S
asiz
pas de patron
{}
fi2P
asiz
pas de patron
{}
fi2S
asiz
pas de patron
{}
fi3P
asiz
pas de patron
{}
fi3S
asiz
pas de patron
{}
ii1P
asiz
pas de patron
{}
ii1S
asiz
pas de patron
{}
ii2P
asiz
pas de patron
{}
ii2S
asiz
pas de patron
{}
ii3P
asiz
pas de patron
{}
ii3S
{u'asEjE': 1.0}
inf
{u'aswar': 1.0}
is1S
asiz
pas de patron
{}
is3P
asiz
pas de patron
{}
is3S
asiz
pas de patron
{}
pI1P
asiz
pas de patron
{}
pI2P
{u'asEjE': 1.0}
pI2S
{u'asjE': 1.0}
pP
asiz
pas de patron
{}
pc1P
asiz
pas de patron
{}
pc1S
asiz
pas de patron
{}
pc2P
asiz
pas de patron
{}
pc2S
asiz
pas de patron
{}
pc3P
asiz
pas de patron
{}
pc3S
asiz
pas de patron
{}
pi1P
asiz
pas de patron
{}
pi1S
{u'asjE': 1.0}
pi2P
{u'asEjE': 1.0}
pi2S
asiz
pas de patron
{}
pi3P
asiz
pas de patron
{}
pi3S
{u'aswa': 0.5, u'asjE': 0.5}
ppFP
{u'asiz': 1.0}
ppFS
{u'asiz': 1.0}
ppMP
asiz
pas de patron
{}
ppMS
asiz
pas de patron
{}
ps1P
asiz
pas de patron
{}
ps1S
asiz
pas de patron
{}
ps2P
asiz
pas de patron
{}
ps2S
asiz
pas de patron
{}
ps3P
asiz
pas de patron
{}
ps3S
asiz
pas de patron
{}
